<?xml version="1.0" encoding="UTF-8"?><testsuite name="nosetests" tests="36" errors="0" failures="0" skip="0"><testcase classname="lbCVMFSchecker.Plugins.tests.TestCVMFSync.TestLbLoader" name="test_check_install" time="0.036"></testcase><testcase classname="lbCVMFSchecker.Plugins.tests.TestCVMFSync.TestLbLoader" name="test_execute" time="0.001"><system-out><![CDATA[[{'fields': {'status': u'synchz', 'back_to_normal': False, 'stratum0_rev': 40630, 'is_alerted': False, 'stratum1_rev': 40215}, 'tags': {'day': '2017-10-25'}, 'time': '2017-10-25T14:17:37Z', 'measurement': 'stratum0_1_sync'}]
]]></system-out></testcase><testcase classname="lbCVMFSchecker.Plugins.tests.TestCVMFSync.TestLbLoader" name="test_getValues" time="0.002"><system-out><![CDATA[{'all': [{'back_to_normal': True,
          'day': '2017-05-30',
          'is_alerted': True,
          'status': 'synchz',
          'stratum0_rev': 40630,
          'stratum1_rev': 40215,
          'time': '1'},
         {'back_to_normal': True,
          'day': '2017-05-30',
          'is_alerted': True,
          'status': 'synchz',
          'stratum0_rev': 40630,
          'stratum1_rev': 40215,
          'time': '2'}],
 'last': {'back_to_normal': True,
          'day': '2017-05-30',
          'is_alerted': True,
          'status': 'synchz',
          'stratum0_rev': 40630,
          'stratum1_rev': 40215,
          'time': '2'}}
]]></system-out></testcase><testcase classname="lbCVMFSchecker.Plugins.tests.TestCVMFSync.TestLbLoader" name="test_isAlerted" time="0.000"></testcase><testcase classname="lbCVMFSchecker.Plugins.tests.TestCVMFSync.TestLbLoader" name="test_shouldAlert" time="0.000"></testcase><testcase classname="lbCVMFSchecker.Plugins.tests.TestCVMFSync.TestLbLoader" name="test_verify_limits" time="0.000"></testcase><testcase classname="lbCVMFSchecker.Plugins.tests.TestCVMFSync.TestLbLoader" name="test_verify_limits2" time="0.006"></testcase><testcase classname="lbCVMFSchecker.Plugins.tests.TestCVMFSync.TestLbLoader" name="test_verify_limits3" time="0.003"></testcase><testcase classname="lbCVMFSchecker.Plugins.tests.TestLogChckerPlugin.TestLogChecker" name="test_execute" time="0.000"></testcase><testcase classname="lbCVMFSchecker.Plugins.tests.TestNightliesPlugin.TestLbLoader" name="test_check_install" time="0.005"><system-out><![CDATA[2017-10-25 2017-10-25
2017-10-25 2017-10-25
]]></system-out></testcase><testcase classname="lbCVMFSchecker.Plugins.tests.TestNightliesPlugin.TestLbLoader" name="test_execute" time="0.003"><system-out><![CDATA[2017-10-25 2017-10-25
]]></system-out></testcase><testcase classname="lbCVMFSchecker.Plugins.tests.TestNightliesPlugin.TestLbLoader" name="test_getValues" time="0.000"></testcase><testcase classname="lbCVMFSchecker.Plugins.tests.TestNightliesPlugin.TestLbLoader" name="test_isAlerted" time="0.000"></testcase><testcase classname="lbCVMFSchecker.Plugins.tests.TestNightliesPlugin.TestLbLoader" name="test_shouldAlert" time="0.000"></testcase><testcase classname="lbCVMFSchecker.Plugins.tests.TestNightliesPlugin.TestLbLoader" name="test_updateAlerted" time="0.001"></testcase><testcase classname="lbCVMFSchecker.Plugins.tests.TestNightliesPlugin.TestLbLoader" name="test_verify_limits" time="0.001"></testcase><testcase classname="lbCVMFSchecker.Plugins.tests.TestNightliesPlugin.TestLbLoader" name="test_verify_limits2" time="0.004"></testcase><testcase classname="lbCVMFSchecker.Plugins.tests.TestNightliesPlugin.TestLbLoader" name="test_verify_limits3" time="0.004"></testcase><testcase classname="lbCVMFSchecker.Plugins.tests.TestNightliesPlugin.TestLbLoader" name="test_verify_limits4" time="0.001"></testcase><testcase classname="lbCVMFSchecker.tests.TestDBConnector.TestPluginBase" name="test_get" time="0.000"></testcase><testcase classname="lbCVMFSchecker.tests.TestDBConnector.TestPluginBase" name="test_getInstance" time="0.000"></testcase><testcase classname="lbCVMFSchecker.tests.TestEmailer.TestPluginBase" name="test_send" time="0.003"></testcase><testcase classname="lbCVMFSchecker.tests.TestEmailer.TestPluginBase" name="test_sendmail" time="0.003"></testcase><testcase classname="lbCVMFSchecker.tests.TestPluginBase.TestPluginBase" name="test_Check" time="0.001"></testcase><testcase classname="lbCVMFSchecker.tests.TestPluginBase.TestPluginBase" name="test_With_Dummy" time="0.001"></testcase><testcase classname="lbCVMFSchecker.tests.TestPluginBase.TestPluginBase" name="test_constructor" time="0.000"></testcase><testcase classname="lbCVMFSchecker.tests.TestPluginBase.TestPluginBase" name="test_exec" time="0.000"></testcase><testcase classname="lbCVMFSchecker.tests.TestPluginLoader.TestLbLoader" name="test_convertToModuleName" time="0.001"></testcase><testcase classname="lbCVMFSchecker.tests.TestPluginLoader.TestLbLoader" name="test_getModule" time="0.000"></testcase><testcase classname="lbCVMFSchecker.tests.TestPluginLoader.TestLbLoader" name="test_getModules" time="0.001"></testcase><testcase classname="lbCVMFSchecker.tests.TestPluginLoader.TestLbLoader" name="test_getPluginNames" time="0.000"></testcase><testcase classname="lbCVMFSchecker.tests.TestPluginLoader.TestLbLoader" name="test_getPlugins" time="0.001"></testcase><testcase classname="lbCVMFSchecker.tests.TestPluginLoader.TestLbLoader" name="test_getSubclass" time="0.001"></testcase><testcase classname="lbCVMFSchecker.tests.TestPluginManager.TestLbLoader" name="test_exec" time="0.001"></testcase><testcase classname="lbCVMFSchecker.tests.TestPluginManager.TestLbLoader" name="test_execall" time="0.001"></testcase><testcase classname="lbCVMFSchecker.tests.TestPluginManager.TestLbLoader" name="test_reload" time="0.001"></testcase></testsuite>